<?xml version='1.0' encoding='UTF-8'?>
<testsuite hostname="Tansons-MacBook-Pro.local" name="TaskList1InMemorySeleniumSpec" tests="1" errors="0" failures="0" skipped="0" time="0.548" timestamp="2022-06-26T23:21:10">
          <properties>
[...]
</properties>
          <testcase classname="TaskList1InMemorySeleniumSpec" name="TaskList1InMemory must login and access functions" time="0.548">
                      
                    </testcase>
          <system-out><![CDATA[]]></system-out>
          <system-err><![CDATA[]]></system-err>
        </testsuite>